{"/Users/me/Desktop/pi/01_EXTENSIONS/notify/src/notify.ts": {"path":"/Users/me/Desktop/pi/01_EXTENSIONS/notify/src/notify.ts","all":false,"statementMap":{"0":{"start":{"line":1,"column":0},"end":{"line":1,"column":58}},"1":{"start":{"line":2,"column":0},"end":{"line":2,"column":62}},"2":{"start":{"line":3,"column":0},"end":{"line":3,"column":1}},"4":{"start":{"line":5,"column":0},"end":{"line":5,"column":57}},"5":{"start":{"line":6,"column":0},"end":{"line":6,"column":56}},"6":{"start":{"line":7,"column":0},"end":{"line":7,"column":58}},"7":{"start":{"line":8,"column":0},"end":{"line":8,"column":1}},"9":{"start":{"line":10,"column":0},"end":{"line":10,"column":59}},"10":{"start":{"line":11,"column":0},"end":{"line":11,"column":35}},"11":{"start":{"line":12,"column":0},"end":{"line":12,"column":27}},"12":{"start":{"line":13,"column":0},"end":{"line":13,"column":9}},"13":{"start":{"line":14,"column":0},"end":{"line":14,"column":28}},"14":{"start":{"line":15,"column":0},"end":{"line":15,"column":2}},"15":{"start":{"line":16,"column":0},"end":{"line":16,"column":1}}},"s":{"0":1,"1":1,"2":1,"4":1,"5":1,"6":1,"7":1,"9":1,"10":2,"11":1,"12":1,"13":1,"14":1,"15":2},"branchMap":{"0":{"type":"branch","line":1,"loc":{"start":{"line":1,"column":0},"end":{"line":3,"column":1}},"locations":[{"start":{"line":1,"column":0},"end":{"line":3,"column":1}}]},"1":{"type":"branch","line":5,"loc":{"start":{"line":5,"column":0},"end":{"line":8,"column":1}},"locations":[{"start":{"line":5,"column":0},"end":{"line":8,"column":1}}]},"2":{"type":"branch","line":10,"loc":{"start":{"line":10,"column":7},"end":{"line":16,"column":1}},"locations":[{"start":{"line":10,"column":7},"end":{"line":16,"column":1}}]},"3":{"type":"branch","line":11,"loc":{"start":{"line":11,"column":34},"end":{"line":15,"column":2}},"locations":[{"start":{"line":11,"column":34},"end":{"line":15,"column":2}}]}},"b":{"0":[1],"1":[1],"2":[2],"3":[1]},"fnMap":{"0":{"name":"notifyOSC777","decl":{"start":{"line":1,"column":0},"end":{"line":3,"column":1}},"loc":{"start":{"line":1,"column":0},"end":{"line":3,"column":1}},"line":1},"1":{"name":"notifyOSC99","decl":{"start":{"line":5,"column":0},"end":{"line":8,"column":1}},"loc":{"start":{"line":5,"column":0},"end":{"line":8,"column":1}},"line":5},"2":{"name":"notify","decl":{"start":{"line":10,"column":7},"end":{"line":16,"column":1}},"loc":{"start":{"line":10,"column":7},"end":{"line":16,"column":1}},"line":10}},"f":{"0":1,"1":1,"2":2}}
}
